<?xml version="1.0" encoding="UTF-8"?>
<testsuite xmlns:xsi="http://www.w3.org/2001/XMLSchema-instance" xsi:noNamespaceSchemaLocation="https://maven.apache.org/surefire/maven-surefire-plugin/xsd/surefire-test-report.xsd" name="TestSuite" time="167.759" tests="6" errors="0" skipped="0" failures="1">
  <properties>
    <property name="java.runtime.name" value="Java(TM) SE Runtime Environment"/>
    <property name="sun.boot.library.path" value="C:\Program Files\Java\jre1.8.0_141\bin"/>
    <property name="java.vm.version" value="25.141-b15"/>
    <property name="java.vm.vendor" value="Oracle Corporation"/>
    <property name="java.vendor.url" value="http://java.oracle.com/"/>
    <property name="path.separator" value=";"/>
    <property name="guice.disable.misplaced.annotation.check" value="true"/>
    <property name="java.vm.name" value="Java HotSpot(TM) 64-Bit Server VM"/>
    <property name="file.encoding.pkg" value="sun.io"/>
    <property name="user.script" value=""/>
    <property name="user.country" value="US"/>
    <property name="sun.java.launcher" value="SUN_STANDARD"/>
    <property name="sun.os.patch.level" value=""/>
    <property name="java.vm.specification.name" value="Java Virtual Machine Specification"/>
    <property name="user.dir" value="C:\Users\Richa\Desktop\Richa\Workspace1\itelearn\qaonair"/>
    <property name="java.runtime.version" value="1.8.0_141-b15"/>
    <property name="java.awt.graphicsenv" value="sun.awt.Win32GraphicsEnvironment"/>
    <property name="java.endorsed.dirs" value="C:\Program Files\Java\jre1.8.0_141\lib\endorsed"/>
    <property name="os.arch" value="amd64"/>
    <property name="java.io.tmpdir" value="C:\Users\Richa\AppData\Local\Temp\"/>
    <property name="line.separator" value="&#10;"/>
    <property name="java.vm.specification.vendor" value="Oracle Corporation"/>
    <property name="user.variant" value=""/>
    <property name="os.name" value="Windows 10"/>
    <property name="classworlds.conf" value="C:\Users\Richa\Desktop\Richa\Workspace1\.metadata\.plugins\org.eclipse.m2e.launching\launches\m2conf2307299386820359862.tmp"/>
    <property name="sun.jnu.encoding" value="Cp1252"/>
    <property name="java.library.path" value="C:\Program Files\Java\jre1.8.0_141\bin;C:\WINDOWS\Sun\Java\bin;C:\WINDOWS\system32;C:\WINDOWS;C:/Program Files/Java/jre1.8.0_141/bin/server;C:/Program Files/Java/jre1.8.0_141/bin;C:/Program Files/Java/jre1.8.0_141/lib/amd64;C:\ProgramData\Oracle\Java\javapath;C:\WINDOWS\system32;C:\WINDOWS;C:\WINDOWS\System32\Wbem;C:\WINDOWS\System32\WindowsPowerShell\v1.0\;E:\HashiCorp\Vagrant\bin;C:\Program Files\Java\jdk1.8.0_91\bin;E:\software\apache-maven-3.3.9\bin;C:\Users\Richa\AppData\Local\Android\sdk\platform-tools;C:\Users\Richa\AppData\Local\Android\sdk\tools;C:\Users\Richa\Desktop\Richa\SoapUI&amp;Restful\axis2-1.6.2\axis2-1.6.2\bin;C:\Users\Richa\AppData\Local\Betfair Poker\data\QT;C:\Users\Richa\AppData\Local\Betfair Poker\data\OpenSSL;C:\Users\Richa\AppData\Local\Microsoft\WindowsApps;C:\Users\Richa\Desktop\Richa\apache-ant-1.9.7-bin\apache-ant-1.9.7\bin;;E:\Work\eclipse;;."/>
    <property name="java.specification.name" value="Java Platform API Specification"/>
    <property name="java.class.version" value="52.0"/>
    <property name="sun.management.compiler" value="HotSpot 64-Bit Tiered Compilers"/>
    <property name="os.version" value="10.0"/>
    <property name="user.home" value="C:\Users\Richa"/>
    <property name="user.timezone" value="America/Phoenix"/>
    <property name="java.awt.printerjob" value="sun.awt.windows.WPrinterJob"/>
    <property name="java.specification.version" value="1.8"/>
    <property name="file.encoding" value="Cp1252"/>
    <property name="user.name" value="Richa"/>
    <property name="java.class.path" value="/E:/Work/eclipse/configuration/org.eclipse.osgi/bundles/535/1/.cp/jars/plexus-classworlds-2.4.jar"/>
    <property name="java.vm.specification.version" value="1.8"/>
    <property name="sun.arch.data.model" value="64"/>
    <property name="java.home" value="C:\Program Files\Java\jre1.8.0_141"/>
    <property name="sun.java.command" value="org.codehaus.plexus.classworlds.launcher.Launcher -B test"/>
    <property name="java.specification.vendor" value="Oracle Corporation"/>
    <property name="user.language" value="en"/>
    <property name="awt.toolkit" value="sun.awt.windows.WToolkit"/>
    <property name="java.vm.info" value="mixed mode"/>
    <property name="java.version" value="1.8.0_141"/>
    <property name="java.ext.dirs" value="C:\Program Files\Java\jre1.8.0_141\lib\ext;C:\WINDOWS\Sun\Java\lib\ext"/>
    <property name="sun.boot.class.path" value="C:\Program Files\Java\jre1.8.0_141\lib\resources.jar;C:\Program Files\Java\jre1.8.0_141\lib\rt.jar;C:\Program Files\Java\jre1.8.0_141\lib\sunrsasign.jar;C:\Program Files\Java\jre1.8.0_141\lib\jsse.jar;C:\Program Files\Java\jre1.8.0_141\lib\jce.jar;C:\Program Files\Java\jre1.8.0_141\lib\charsets.jar;C:\Program Files\Java\jre1.8.0_141\lib\jfr.jar;C:\Program Files\Java\jre1.8.0_141\classes"/>
    <property name="java.vendor" value="Oracle Corporation"/>
    <property name="maven.home" value="C:\Users\Richa\Desktop\Richa\Workspace1\itelearn\qaonair\EMBEDDED"/>
    <property name="file.separator" value="\"/>
    <property name="java.vendor.url.bug" value="http://bugreport.sun.com/bugreport/"/>
    <property name="maven.bootclasspath" value="/E:/Work/eclipse/configuration/org.eclipse.osgi/bundles/535/1/.cp/jars/plexus-classworlds-2.4.jar"/>
    <property name="sun.cpu.endian" value="little"/>
    <property name="sun.io.unicode.encoding" value="UnicodeLittle"/>
    <property name="sun.desktop" value="windows"/>
    <property name="sun.cpu.isalist" value="amd64"/>
  </properties>
  <testcase name="basetest" classname="com.itelearn.TestBase.BaseTest" time="32.297"/>
  <testcase name="loginDataSet" classname="com.itelearn.dataProviders.dataSetsTest" time="21.39"/>
  <testcase name="loginDataSet" classname="com.itelearn.dataProviders.dataSetsTest" time="23.892"/>
  <testcase name="loginDataSet" classname="com.itelearn.dataProviders.ExcelDDF" time="25.65">
    <failure type="java.lang.NullPointerException">java.lang.NullPointerException
	at com.itelearn.dataProviders.ExcelDDF.loginDataSet(ExcelDDF.java:82)
</failure>
    <system-out><![CDATA[Screenshot taken!!!!!!!!!
+++++++++++++++Reading Excel Sheet+++++++++
Sheet1 data is :null
Sheet1 data is :null
Sheet1 data is :annl@gmail.com
Sheet1 data is :12345.0
Sheet1 data is :tomt@gmail.com
Sheet1 data is :123456.0
+++++++++++++++Reading Excel Sheet+++++++++
16:17:19.313 [main] INFO  com.itelearn.Utility.SeleniumHelperTest - -----------Opening the Browser---------
16:17:24.142 [main] INFO  com.itelearn.Utility.SeleniumHelperTest - Opening Chrome browser
16:17:24.142 [main] INFO  com.itelearn.Utility.SeleniumHelperTest - -----------Navigate to the URL---------
16:17:24.142 [main] INFO  com.itelearn.Utility.SeleniumHelperTest - Navigating to url 
16:17:37.750 [main] INFO  com.itelearn.Utility.SeleniumHelperTest - -----------Maximizing the Window---------
16:17:39.029 [main] INFO  com.itelearn.Utility.SeleniumHelperTest - -----------Clicking the Link---------html/body/header/div/div/div[4]/div/ul/li[1]/a
16:17:39.030 [main] INFO  com.itelearn.Utility.SeleniumHelperTest - The element type is:xpath
UserName is :Username
]]></system-out>
    <system-err><![CDATA[Starting ChromeDriver 2.30.477700 (0057494ad8732195794a7b32078424f92a5fce41) on port 24970
Only local connections are allowed.
Aug 19, 2017 4:17:24 PM org.openqa.selenium.remote.ProtocolHandshake createSession
INFO: Detected dialect: OSS
]]></system-err>
  </testcase>
  <testcase name="loginDataSet" classname="com.itelearn.dataProviders.ExcelDDF" time="22.655"/>
  <testcase name="loginDataSet" classname="com.itelearn.dataProviders.ExcelDDF" time="22.176"/>
</testsuite>