<?xml version="1.0" encoding="UTF-8"?>
<!-- Generated by org.testng.reporters.JUnitReportReporter -->
<testsuite hostname="RichaHome" name="com.itelearn.TestBase.BaseTest" tests="1" failures="0" timestamp="19 Aug 2017 23:18:37 GMT" time="32.278" errors="0">
  <testcase name="basetest" time="32.278" classname="com.itelearn.TestBase.BaseTest"/>
</testsuite> <!-- com.itelearn.TestBase.BaseTest -->
