<?xml version="1.0" encoding="UTF-8"?>
<!-- Generated by org.testng.reporters.JUnitReportReporter -->
<testsuite hostname="RichaHome" name="com.itelearn.dataProviders.dataSetsTest" tests="2" failures="0" timestamp="19 Aug 2017 23:18:37 GMT" time="45.284" errors="0">
  <testcase name="loginDataSet" time="21.393" classname="com.itelearn.dataProviders.dataSetsTest"/>
  <testcase name="loginDataSet" time="23.891" classname="com.itelearn.dataProviders.dataSetsTest"/>
</testsuite> <!-- com.itelearn.dataProviders.dataSetsTest -->
