<?xml version="1.0" encoding="UTF-8"?>
<!-- Generated by org.testng.reporters.JUnitReportReporter -->
<testsuite hostname="RichaHome" name="com.itelearn.TestBase.BaseTest" tests="1" failures="0" timestamp="24 Aug 2017 17:20:56 GMT" time="40.816" errors="0">
  <testcase name="basetest" time="40.816" classname="com.itelearn.TestBase.BaseTest"/>
</testsuite> <!-- com.itelearn.TestBase.BaseTest -->
