<?xml version="1.0" encoding="UTF-8"?>
<!-- Generated by org.testng.reporters.JUnitReportReporter -->
<testsuite name="com.itelearn.dataProviders.dataSets" tests="2" time="46.524" ignored="0" failures="0" timestamp="11 Aug 2017 03:48:30 GMT" skipped="0" hostname="RichaHome" errors="0">
  <testcase name="loginDataSet" time="22.332" classname="com.itelearn.dataProviders.dataSets"/>
  <testcase name="loginDataSet" time="24.192" classname="com.itelearn.dataProviders.dataSets"/>
</testsuite> <!-- com.itelearn.dataProviders.dataSets -->
