<?xml version="1.0" encoding="UTF-8"?>
<!-- Generated by org.testng.reporters.JUnitReportReporter -->
<testsuite hostname="RichaHome" name="com.itelearn.dataProviders.ExcelDDF" tests="2" failures="0" timestamp="19 Aug 2017 23:26:47 GMT" time="46.030" errors="0">
  <testcase name="loginDataSet" time="25.688" classname="com.itelearn.dataProviders.ExcelDDF"/>
  <testcase name="loginDataSet" time="20.342" classname="com.itelearn.dataProviders.ExcelDDF"/>
</testsuite> <!-- com.itelearn.dataProviders.ExcelDDF -->
